Arguments: 
  /usr/local/Cellar/node/8.6.0/bin/node /Users/espinozasenior/.yarn/bin/yarn.js

PATH: 
  /Users/espinozasenior/.yarn/bin:/Users/espinozasenior/.config/yarn/global/node_modules/.bin:/usr/local/bin:/usr/bin:/bin:/usr/sbin:/sbin:/usr/local/mysql/bin

Yarn version: 
  1.7.0

Node version: 
  8.6.0

Platform: 
  darwin x64

Trace: 
  Error: ENOENT: no such file or directory, copyfile '/Users/espinozasenior/Library/Caches/Yarn/v1/npm-resolve-url-0.2.1-2c637fe77c893afd2a663fe21aa9080068e2052a/resolve-url.js' -> '/Users/espinozasenior/WebstormProjects/mesa247/public/lifelifting-frontend/node_modules/resolve-url/resolve-url.js'

npm manifest: 
  {
    "name": "boilerplate-app",
    "version": "1.0.0",
    "description": "Nuxt.js project",
    "author": "Luis <espinozasenior@gmail.com>",
    "private": true,
    "scripts": {
      "dev": "NODE_ENV=development nuxt",
      "build": "nuxt build",
      "start": "npm run build; NODE_ENV=production HOST=0.0.0.0 nuxt start"
    },
    "dependencies": {
      "axios": "lastest",
      "body-parser": "^1.17.2",
      "cross-env": "^5.0.5",
      "express": "^4.15.3",
      "express-session": "^1.15.3",
      "http": "0.0.0",
      "nuxt": "lastest",
      "sha1": "^1.1.1",
      "vue-notification": "^1.3.4"
    },
    "devDependencies": {
      "babel-eslint": "^7.2.3",
      "eslint": "^4.3.0",
      "eslint-config-standard": "^10.2.1",
      "eslint-loader": "^1.9.0",
      "eslint-plugin-html": "^3.1.1",
      "eslint-plugin-import": "^2.7.0",
      "eslint-plugin-node": "^5.1.1",
      "eslint-plugin-promise": "^3.5.0",
      "eslint-plugin-standard": "^3.0.1"
    }
  }

yarn manifest: 
  No manifest

Lockfile: 
  No lockfile
